<?xml version="1.0" encoding="UTF-8"?>
<!-- Generated by org.testng.reporters.JUnitReportReporter -->
<testsuite hostname="DESKTOP-D4CEQKQ" failures="0" tests="3" name="testng.orangehrmLG" time="55.623" errors="0" timestamp="2020-01-29T23:58:25 IST" skipped="0">
  <testcase classname="testng.orangehrmLG" name="TC1_1" time="18.110"/>
  <testcase classname="testng.orangehrmLG" name="TC1_2" time="14.782"/>
  <testcase classname="testng.orangehrmLG" name="TC1_3" time="22.731"/>
</testsuite> <!-- testng.orangehrmLG -->
