<?xml version="1.0" encoding="UTF-8"?>
<!-- Generated by org.testng.reporters.JUnitReportReporter -->
<testsuite hostname="DESKTOP-D4CEQKQ" failures="0" tests="1" name="testng.duplicate" time="31.166" errors="0" timestamp="2020-01-30T00:08:17 IST" skipped="0">
  <testcase classname="testng.duplicate" name="Tc2_1" time="31.166"/>
</testsuite> <!-- testng.duplicate -->
