<?xml version="1.0" encoding="UTF-8"?>
<!-- Generated by org.testng.reporters.JUnitReportReporter -->
<testsuite hostname="DESKTOP-D4CEQKQ" failures="0" tests="3" name="testng.TestCases" time="43.386" errors="0" timestamp="2020-01-28T20:00:12 IST" skipped="0">
  <testcase classname="testng.TestCases" name="TC1_1" time="15.192"/>
  <testcase classname="testng.TestCases" name="TC1_2" time="13.120"/>
  <testcase classname="testng.TestCases" name="TC1_3" time="15.074"/>
</testsuite> <!-- testng.TestCases -->
