<?xml version="1.0" encoding="UTF-8"?>
<!-- Generated by org.testng.reporters.JUnitReportReporter -->
<testsuite hostname="DESKTOP-D4CEQKQ" failures="0" tests="1" name="testng.NewTest" time="22.107" errors="0" timestamp="2020-01-29T23:39:14 IST" skipped="0">
  <testcase classname="testng.NewTest" name="Tc2_3" time="22.107"/>
</testsuite> <!-- testng.NewTest -->
